[35m[Appium][39m Welcome to Appium v1.22.3
[35m[Appium][39m Non-default server args:
[35m[Appium][39m   port: 59861
[35m[Appium][39m   loglevel: info
[35m[Appium][39m   tmpDir: C:\Users\AIMANH~1\AppData\Local\Temp\\Katalon\Appium\Temp1685457749534
[35m[Appium][39m   chromedriverPort: 59862
[35m[Appium][39m Deprecated server args:
[35m[Appium][39m   [31m--chromedriver-port[39m => --default-capabilities
[35m[Appium][39m Default capabilities, which will be added to each request unless overridden by desired capabilities:
[35m[Appium][39m   chromedriverPort: 59862
[35m[Appium][39m Appium REST http interface listener started on 0.0.0.0:59861
[35m[HTTP][39m [37m-->[39m [37mGET[39m [37m/wd/hub/status[39m
[35m[HTTP][39m [90m{}[39m
[35m[HTTP][39m [37m<-- GET /wd/hub/status [39m[32m200[39m [90m5 ms - 68[39m
[35m[HTTP][39m [90m[39m
[35m[HTTP][39m [37m-->[39m [37mGET[39m [37m/wd/hub/status[39m
[35m[HTTP][39m [90m{}[39m
[35m[HTTP][39m [37m<-- GET /wd/hub/status [39m[32m200[39m [90m1 ms - 68[39m
[35m[HTTP][39m [90m[39m
[35m[HTTP][39m [37m-->[39m [37mPOST[39m [37m/wd/hub/session[39m
[35m[HTTP][39m [90m{"desiredCapabilities":{"appActivity":".Settings","appPackage":"com.android.settings","newCommandTimeout":1800,"platformVersion":"12","automationName":"uiautomator2","autoGrantPermissions":true,"platformName":"Android","udid":"865bf938","deviceName":"Xiaomi M2012K11AG (Android 12)","platform":"ANDROID","systemPort":8239},"capabilities":{"firstMatch":[{"appium:appActivity":".Settings","appium:appPackage":"com.android.settings","appium:autoGrantPermissions":true,"appium:automationName":"uiautomator2","appium:deviceName":"Xiaomi M2012K11AG (Android 12)","appium:newCommandTimeout":1800,"platform":"ANDROID","platformName":"android","appium:platformVersion":"12","appium:systemPort":8239,"appium:udid":"865bf938"}]}}[39m
[35m[BaseDriver][39m The following capabilities are not standard capabilities and should have an extension prefix:
[35m[BaseDriver][39m   platform
[35m[BaseDriver][39m   chromedriverPort
[35m[Appium][39m Appium v1.22.3 creating new AndroidUiautomator2Driver (v1.70.1) session
[35m[BaseDriver][39m The following capabilities were provided, but are not recognized by Appium:
[35m[BaseDriver][39m   platform
[35m[BaseDriver][39m Session created with session id: 074b9fef-6755-4f41-9478-8b9131a85b5b
[35m[UiAutomator2][39m Starting 'com.android.settings' directly on the device
[35m[ADB][39m Found 1 'build-tools' folders under 'C:\Users\Aiman Hakim\.katalon\tools\android_sdk' (newest first):
[35m[ADB][39m     C:/Users/Aiman Hakim/.katalon/tools/android_sdk/build-tools/29.0.3
[35m[ADB][39m Using 'adb.exe' from 'C:\Users\Aiman Hakim\.katalon\tools\android_sdk\platform-tools\adb.exe'
[35m[AndroidDriver][39m Retrieving device list
[35m[AndroidDriver][39m Using device: 865bf938
[35m[ADB][39m Using 'adb.exe' from 'C:\Users\Aiman Hakim\.katalon\tools\android_sdk\platform-tools\adb.exe'
[35m[ADB][39m Getting device platform version
[35m[UiAutomator2][39m Relaxing hidden api policy
[35m[AndroidDriver][39m No app sent in, not parsing package/activity
[35m[ADB][39m Using 'apksigner.jar' from 'C:\Users\Aiman Hakim\.katalon\tools\android_sdk\build-tools\29.0.3\lib\apksigner.jar'
[35m[ADB][39m 'C:\Users\Aiman Hakim\AppData\Roaming\npm\node_modules\appium\node_modules\appium-uiautomator2-server\apks\appium-uiautomator2-server-v4.27.0.apk' is signed with the default certificate
[35m[ADB][39m 'C:\Users\Aiman Hakim\AppData\Roaming\npm\node_modules\appium\node_modules\appium-uiautomator2-server\apks\appium-uiautomator2-server-debug-androidTest.apk' is signed with the default certificate
[35m[UiAutomator2][39m Server packages are not going to be (re)installed
[35m[ADB][39m Adding packages ["io.appium.settings","io.appium.uiautomator2.server","io.appium.uiautomator2.server.test"] to Doze whitelist
[35m[UiAutomator2][39m Starting UIAutomator2 server 4.27.0
[35m[UiAutomator2][39m Using UIAutomator2 server from 'C:\Users\Aiman Hakim\AppData\Roaming\npm\node_modules\appium\node_modules\appium-uiautomator2-server\apks\appium-uiautomator2-server-v4.27.0.apk' and test from 'C:\Users\Aiman Hakim\AppData\Roaming\npm\node_modules\appium\node_modules\appium-uiautomator2-server\apks\appium-uiautomator2-server-debug-androidTest.apk'
[35m[UiAutomator2][39m Waiting up to 30000ms for UiAutomator2 to be online...
[35m[WD Proxy][39m socket hang up
[35m[WD Proxy][39m socket hang up
[35m[WD Proxy][39m socket hang up
[35m[WD Proxy][39m socket hang up
[35m[WD Proxy][39m Determined the downstream protocol as 'W3C'
[35m[AndroidDriver][39m Screen already unlocked, doing nothing
[35m[UiAutomator2][39m Starting 'com.android.settings/.Settings and waiting for 'com.android.settings/.Settings'
[35m[Appium][39m New AndroidUiautomator2Driver session created successfully, session 074b9fef-6755-4f41-9478-8b9131a85b5b added to master session list
[35m[HTTP][39m [37m<-- POST /wd/hub/session [39m[32m200[39m [90m9031 ms - 1147[39m
[35m[HTTP][39m [90m[39m
[35m[HTTP][39m [37m-->[39m [37mGET[39m [37m/wd/hub/session/074b9fef-6755-4f41-9478-8b9131a85b5b[39m
[35m[HTTP][39m [90m{}[39m
[35m[HTTP][39m [37m<-- GET /wd/hub/session/074b9fef-6755-4f41-9478-8b9131a85b5b [39m[32m200[39m [90m6 ms - 1101[39m
[35m[HTTP][39m [90m[39m
[35m[HTTP][39m [37m-->[39m [37mGET[39m [37m/wd/hub/session/074b9fef-6755-4f41-9478-8b9131a85b5b[39m
[35m[HTTP][39m [90m{}[39m
[35m[HTTP][39m [37m<-- GET /wd/hub/session/074b9fef-6755-4f41-9478-8b9131a85b5b [39m[32m200[39m [90m6 ms - 1101[39m
[35m[HTTP][39m [90m[39m
[35m[HTTP][39m [37m-->[39m [37mGET[39m [37m/wd/hub/status[39m
[35m[HTTP][39m [90m{}[39m
[35m[HTTP][39m [37m<-- GET /wd/hub/status [39m[32m200[39m [90m1 ms - 68[39m
[35m[HTTP][39m [90m[39m
[35m[HTTP][39m [37m-->[39m [37mPOST[39m [37m/wd/hub/session/074b9fef-6755-4f41-9478-8b9131a85b5b/timeouts[39m
[35m[HTTP][39m [90m{"implicit":60000}[39m
[35m[HTTP][39m [37m<-- POST /wd/hub/session/074b9fef-6755-4f41-9478-8b9131a85b5b/timeouts [39m[32m200[39m [90m2 ms - 14[39m
[35m[HTTP][39m [90m[39m
[35m[HTTP][39m [37m-->[39m [37mGET[39m [37m/wd/hub/session/074b9fef-6755-4f41-9478-8b9131a85b5b/screenshot[39m
[35m[HTTP][39m [90m{}[39m
[35m[HTTP][39m [37m<-- GET /wd/hub/session/074b9fef-6755-4f41-9478-8b9131a85b5b/screenshot [39m[32m200[39m [90m225 ms - 201906[39m
[35m[HTTP][39m [90m[39m
[35m[HTTP][39m [37m-->[39m [37mGET[39m [37m/wd/hub/session/074b9fef-6755-4f41-9478-8b9131a85b5b/window/rect[39m
[35m[HTTP][39m [90m{}[39m
[35m[HTTP][39m [37m<-- GET /wd/hub/session/074b9fef-6755-4f41-9478-8b9131a85b5b/window/rect [39m[32m200[39m [90m13 ms - 50[39m
[35m[HTTP][39m [90m[39m
[35m[HTTP][39m [37m-->[39m [37mGET[39m [37m/wd/hub/session/074b9fef-6755-4f41-9478-8b9131a85b5b/appium/device/system_bars[39m
[35m[HTTP][39m [90m{}[39m
[35m[HTTP][39m [37m<-- GET /wd/hub/session/074b9fef-6755-4f41-9478-8b9131a85b5b/appium/device/system_bars [39m[31m500[39m [90m74 ms - 659[39m
[35m[HTTP][39m [90m[39m
[35m[HTTP][39m [37m-->[39m [37mPOST[39m [37m/wd/hub/session/074b9fef-6755-4f41-9478-8b9131a85b5b/execute/sync[39m
[35m[HTTP][39m [90m{"script":"mobile:viewportRect","args":[]}[39m
[35m[AndroidDriver][39m Executing native command 'mobile:viewportRect'
[35m[HTTP][39m [37m<-- POST /wd/hub/session/074b9fef-6755-4f41-9478-8b9131a85b5b/execute/sync [39m[32m200[39m [90m10 ms - 56[39m
[35m[HTTP][39m [90m[39m
[35m[HTTP][39m [37m-->[39m [37mPOST[39m [37m/wd/hub/session/074b9fef-6755-4f41-9478-8b9131a85b5b/appium/device/activate_app[39m
[35m[HTTP][39m [90m{"bundleId":"com.socialnmobile.dictapps.notepad.color.note"}[39m
[35m[HTTP][39m [37m<-- POST /wd/hub/session/074b9fef-6755-4f41-9478-8b9131a85b5b/appium/device/activate_app [39m[32m200[39m [90m2144 ms - 14[39m
[35m[HTTP][39m [90m[39m
[35m[HTTP][39m [37m-->[39m [37mGET[39m [37m/wd/hub/session/074b9fef-6755-4f41-9478-8b9131a85b5b/source[39m
[35m[HTTP][39m [90m{}[39m
[35m[W3C (074b9fef)][39m Driver proxy active, passing request on via HTTP proxy
[35m[WD Proxy][39m Replacing sessionId a2191084-4a69-48cc-9ecc-f5aced7239f4 with 074b9fef-6755-4f41-9478-8b9131a85b5b
[35m[HTTP][39m [37m<-- GET /wd/hub/session/074b9fef-6755-4f41-9478-8b9131a85b5b/source [39m[32m200[39m [90m826 ms - 49700[39m
[35m[HTTP][39m [90m[39m
[35m[HTTP][39m [37m-->[39m [37mGET[39m [37m/wd/hub/session/074b9fef-6755-4f41-9478-8b9131a85b5b/screenshot[39m
[35m[HTTP][39m [90m{}[39m
[35m[HTTP][39m [37m<-- GET /wd/hub/session/074b9fef-6755-4f41-9478-8b9131a85b5b/screenshot [39m[32m200[39m [90m280 ms - 293540[39m
[35m[HTTP][39m [90m[39m
[35m[HTTP][39m [37m-->[39m [37mPOST[39m [37m/wd/hub/session/074b9fef-6755-4f41-9478-8b9131a85b5b/elements[39m
[35m[HTTP][39m [90m{"using":"xpath","value":"//*[@class = 'android.widget.TextView' and (@text = 'Checklist Edit Testing' or . = 'Checklist Edit Testing') and @resource-id = 'com.socialnmobile.dictapps.notepad.color.note:id/title']"}[39m
[35m[HTTP][39m [37m<-- POST /wd/hub/session/074b9fef-6755-4f41-9478-8b9131a85b5b/elements [39m[32m200[39m [90m545 ms - 139[39m
[35m[HTTP][39m [90m[39m
[35m[HTTP][39m [37m-->[39m [37mGET[39m [37m/wd/hub/session/074b9fef-6755-4f41-9478-8b9131a85b5b/window/rect[39m
[35m[HTTP][39m [90m{}[39m
[35m[HTTP][39m [37m<-- GET /wd/hub/session/074b9fef-6755-4f41-9478-8b9131a85b5b/window/rect [39m[32m200[39m [90m9 ms - 50[39m
[35m[HTTP][39m [90m[39m
[35m[HTTP][39m [37m-->[39m [37mPOST[39m [37m/wd/hub/session/074b9fef-6755-4f41-9478-8b9131a85b5b/elements[39m
[35m[HTTP][39m [90m{"using":"xpath","value":"//*[@class = 'android.widget.TextView' and (@text = 'Checklist Edit Testing' or . = 'Checklist Edit Testing') and @resource-id = 'com.socialnmobile.dictapps.notepad.color.note:id/title']"}[39m
[35m[HTTP][39m [37m<-- POST /wd/hub/session/074b9fef-6755-4f41-9478-8b9131a85b5b/elements [39m[32m200[39m [90m196 ms - 139[39m
[35m[HTTP][39m [90m[39m
[35m[HTTP][39m [37m-->[39m [37mGET[39m [37m/wd/hub/session/074b9fef-6755-4f41-9478-8b9131a85b5b/element/00000000-0000-0d84-ffff-ffff0000045c/location[39m
[35m[HTTP][39m [90m{}[39m
[35m[W3C (074b9fef)][39m Driver proxy active, passing request on via HTTP proxy
[35m[WD Proxy][39m Replacing sessionId a2191084-4a69-48cc-9ecc-f5aced7239f4 with 074b9fef-6755-4f41-9478-8b9131a85b5b
[35m[HTTP][39m [37m<-- GET /wd/hub/session/074b9fef-6755-4f41-9478-8b9131a85b5b/element/00000000-0000-0d84-ffff-ffff0000045c/location [39m[32m200[39m [90m20 ms - 77[39m
[35m[HTTP][39m [90m[39m
[35m[HTTP][39m [37m-->[39m [37mPOST[39m [37m/wd/hub/session/074b9fef-6755-4f41-9478-8b9131a85b5b/element/00000000-0000-0d84-ffff-ffff0000045c/click[39m
[35m[HTTP][39m [90m{"id":"00000000-0000-0d84-ffff-ffff0000045c"}[39m
[35m[HTTP][39m [37m<-- POST /wd/hub/session/074b9fef-6755-4f41-9478-8b9131a85b5b/element/00000000-0000-0d84-ffff-ffff0000045c/click [39m[32m200[39m [90m726 ms - 14[39m
[35m[HTTP][39m [90m[39m
[35m[HTTP][39m [37m-->[39m [37mGET[39m [37m/wd/hub/session/074b9fef-6755-4f41-9478-8b9131a85b5b/source[39m
[35m[HTTP][39m [90m{}[39m
[35m[W3C (074b9fef)][39m Driver proxy active, passing request on via HTTP proxy
[35m[WD Proxy][39m Replacing sessionId a2191084-4a69-48cc-9ecc-f5aced7239f4 with 074b9fef-6755-4f41-9478-8b9131a85b5b
[35m[HTTP][39m [37m<-- GET /wd/hub/session/074b9fef-6755-4f41-9478-8b9131a85b5b/source [39m[32m200[39m [90m72 ms - 14348[39m
[35m[HTTP][39m [90m[39m
[35m[HTTP][39m [37m-->[39m [37mGET[39m [37m/wd/hub/session/074b9fef-6755-4f41-9478-8b9131a85b5b/screenshot[39m
[35m[HTTP][39m [90m{}[39m
[35m[HTTP][39m [37m<-- GET /wd/hub/session/074b9fef-6755-4f41-9478-8b9131a85b5b/screenshot [39m[32m200[39m [90m307 ms - 83198[39m
[35m[HTTP][39m [90m[39m
[35m[HTTP][39m [37m-->[39m [37mPOST[39m [37m/wd/hub/session/074b9fef-6755-4f41-9478-8b9131a85b5b/elements[39m
[35m[HTTP][39m [90m{"using":"xpath","value":"//*[@class = 'android.widget.ImageButton' and @resource-id = 'com.socialnmobile.dictapps.notepad.color.note:id/edit_btn' and (@text = '' or . = '')]"}[39m
[35m[HTTP][39m [37m<-- POST /wd/hub/session/074b9fef-6755-4f41-9478-8b9131a85b5b/elements [39m[32m200[39m [90m424 ms - 139[39m
[35m[HTTP][39m [90m[39m
[35m[HTTP][39m [37m-->[39m [37mGET[39m [37m/wd/hub/session/074b9fef-6755-4f41-9478-8b9131a85b5b/window/rect[39m
[35m[HTTP][39m [90m{}[39m
[35m[HTTP][39m [37m<-- GET /wd/hub/session/074b9fef-6755-4f41-9478-8b9131a85b5b/window/rect [39m[32m200[39m [90m8 ms - 50[39m
[35m[HTTP][39m [90m[39m
[35m[HTTP][39m [37m-->[39m [37mPOST[39m [37m/wd/hub/session/074b9fef-6755-4f41-9478-8b9131a85b5b/elements[39m
[35m[HTTP][39m [90m{"using":"xpath","value":"//*[@class = 'android.widget.ImageButton' and @resource-id = 'com.socialnmobile.dictapps.notepad.color.note:id/edit_btn' and (@text = '' or . = '')]"}[39m
[35m[HTTP][39m [37m<-- POST /wd/hub/session/074b9fef-6755-4f41-9478-8b9131a85b5b/elements [39m[32m200[39m [90m83 ms - 139[39m
[35m[HTTP][39m [90m[39m
[35m[HTTP][39m [37m-->[39m [37mGET[39m [37m/wd/hub/session/074b9fef-6755-4f41-9478-8b9131a85b5b/element/00000000-0000-0d96-ffff-ffff0000051e/location[39m
[35m[HTTP][39m [90m{}[39m
[35m[W3C (074b9fef)][39m Driver proxy active, passing request on via HTTP proxy
[35m[WD Proxy][39m Replacing sessionId a2191084-4a69-48cc-9ecc-f5aced7239f4 with 074b9fef-6755-4f41-9478-8b9131a85b5b
[35m[HTTP][39m [37m<-- GET /wd/hub/session/074b9fef-6755-4f41-9478-8b9131a85b5b/element/00000000-0000-0d96-ffff-ffff0000051e/location [39m[32m200[39m [90m17 ms - 77[39m
[35m[HTTP][39m [90m[39m
[35m[HTTP][39m [37m-->[39m [37mPOST[39m [37m/wd/hub/session/074b9fef-6755-4f41-9478-8b9131a85b5b/element/00000000-0000-0d96-ffff-ffff0000051e/click[39m
[35m[HTTP][39m [90m{"id":"00000000-0000-0d96-ffff-ffff0000051e"}[39m
[35m[HTTP][39m [37m<-- POST /wd/hub/session/074b9fef-6755-4f41-9478-8b9131a85b5b/element/00000000-0000-0d96-ffff-ffff0000051e/click [39m[32m200[39m [90m49 ms - 14[39m
[35m[HTTP][39m [90m[39m
[35m[HTTP][39m [37m-->[39m [37mGET[39m [37m/wd/hub/session/074b9fef-6755-4f41-9478-8b9131a85b5b/source[39m
[35m[HTTP][39m [90m{}[39m
[35m[W3C (074b9fef)][39m Driver proxy active, passing request on via HTTP proxy
[35m[WD Proxy][39m Replacing sessionId a2191084-4a69-48cc-9ecc-f5aced7239f4 with 074b9fef-6755-4f41-9478-8b9131a85b5b
[35m[HTTP][39m [37m<-- GET /wd/hub/session/074b9fef-6755-4f41-9478-8b9131a85b5b/source [39m[32m200[39m [90m175 ms - 21198[39m
[35m[HTTP][39m [90m[39m
[35m[HTTP][39m [37m-->[39m [37mGET[39m [37m/wd/hub/session/074b9fef-6755-4f41-9478-8b9131a85b5b/screenshot[39m
[35m[HTTP][39m [90m{}[39m
[35m[HTTP][39m [37m<-- GET /wd/hub/session/074b9fef-6755-4f41-9478-8b9131a85b5b/screenshot [39m[32m200[39m [90m305 ms - 106556[39m
[35m[HTTP][39m [90m[39m
[35m[HTTP][39m [37m-->[39m [37mPOST[39m [37m/wd/hub/session/074b9fef-6755-4f41-9478-8b9131a85b5b/elements[39m
[35m[HTTP][39m [90m{"using":"xpath","value":"//*[@class = 'android.widget.TextView' and (@text = 'Testing 1' or . = 'Testing 1') and @resource-id = 'com.socialnmobile.dictapps.notepad.color.note:id/text']"}[39m
[35m[HTTP][39m [37m<-- POST /wd/hub/session/074b9fef-6755-4f41-9478-8b9131a85b5b/elements [39m[32m200[39m [90m119 ms - 139[39m
[35m[HTTP][39m [90m[39m
[35m[HTTP][39m [37m-->[39m [37mGET[39m [37m/wd/hub/session/074b9fef-6755-4f41-9478-8b9131a85b5b/window/rect[39m
[35m[HTTP][39m [90m{}[39m
[35m[HTTP][39m [37m<-- GET /wd/hub/session/074b9fef-6755-4f41-9478-8b9131a85b5b/window/rect [39m[32m200[39m [90m10 ms - 50[39m
[35m[HTTP][39m [90m[39m
[35m[HTTP][39m [37m-->[39m [37mPOST[39m [37m/wd/hub/session/074b9fef-6755-4f41-9478-8b9131a85b5b/elements[39m
[35m[HTTP][39m [90m{"using":"xpath","value":"//*[@class = 'android.widget.TextView' and (@text = 'Testing 1' or . = 'Testing 1') and @resource-id = 'com.socialnmobile.dictapps.notepad.color.note:id/text']"}[39m
[35m[HTTP][39m [37m<-- POST /wd/hub/session/074b9fef-6755-4f41-9478-8b9131a85b5b/elements [39m[32m200[39m [90m107 ms - 139[39m
[35m[HTTP][39m [90m[39m
[35m[HTTP][39m [37m-->[39m [37mGET[39m [37m/wd/hub/session/074b9fef-6755-4f41-9478-8b9131a85b5b/element/00000000-0000-0d96-ffff-ffff0000054d/location[39m
[35m[HTTP][39m [90m{}[39m
[35m[W3C (074b9fef)][39m Driver proxy active, passing request on via HTTP proxy
[35m[WD Proxy][39m Replacing sessionId a2191084-4a69-48cc-9ecc-f5aced7239f4 with 074b9fef-6755-4f41-9478-8b9131a85b5b
[35m[HTTP][39m [37m<-- GET /wd/hub/session/074b9fef-6755-4f41-9478-8b9131a85b5b/element/00000000-0000-0d96-ffff-ffff0000054d/location [39m[32m200[39m [90m16 ms - 78[39m
[35m[HTTP][39m [90m[39m
[35m[HTTP][39m [37m-->[39m [37mPOST[39m [37m/wd/hub/session/074b9fef-6755-4f41-9478-8b9131a85b5b/element/00000000-0000-0d96-ffff-ffff0000054d/click[39m
[35m[HTTP][39m [90m{"id":"00000000-0000-0d96-ffff-ffff0000054d"}[39m
[35m[HTTP][39m [37m<-- POST /wd/hub/session/074b9fef-6755-4f41-9478-8b9131a85b5b/element/00000000-0000-0d96-ffff-ffff0000054d/click [39m[32m200[39m [90m1279 ms - 14[39m
[35m[HTTP][39m [90m[39m
[35m[HTTP][39m [37m-->[39m [37mGET[39m [37m/wd/hub/session/074b9fef-6755-4f41-9478-8b9131a85b5b/source[39m
[35m[HTTP][39m [90m{}[39m
[35m[W3C (074b9fef)][39m Driver proxy active, passing request on via HTTP proxy
[35m[WD Proxy][39m Replacing sessionId a2191084-4a69-48cc-9ecc-f5aced7239f4 with 074b9fef-6755-4f41-9478-8b9131a85b5b
[35m[HTTP][39m [37m<-- GET /wd/hub/session/074b9fef-6755-4f41-9478-8b9131a85b5b/source [39m[32m200[39m [90m55 ms - 8599[39m
[35m[HTTP][39m [90m[39m
[35m[HTTP][39m [37m-->[39m [37mGET[39m [37m/wd/hub/session/074b9fef-6755-4f41-9478-8b9131a85b5b/screenshot[39m
[35m[HTTP][39m [90m{}[39m
[35m[HTTP][39m [37m<-- GET /wd/hub/session/074b9fef-6755-4f41-9478-8b9131a85b5b/screenshot [39m[32m200[39m [90m316 ms - 218894[39m
[35m[HTTP][39m [90m[39m
[35m[HTTP][39m [37m-->[39m [37mPOST[39m [37m/wd/hub/session/074b9fef-6755-4f41-9478-8b9131a85b5b/elements[39m
[35m[HTTP][39m [90m{"using":"xpath","value":"//*[@class = 'android.widget.EditText' and (@text = 'Testing 1' or . = 'Testing 1') and @resource-id = 'com.socialnmobile.dictapps.notepad.color.note:id/edit']"}[39m
[35m[HTTP][39m [37m<-- POST /wd/hub/session/074b9fef-6755-4f41-9478-8b9131a85b5b/elements [39m[32m200[39m [90m48 ms - 139[39m
[35m[HTTP][39m [90m[39m
[35m[HTTP][39m [37m-->[39m [37mGET[39m [37m/wd/hub/session/074b9fef-6755-4f41-9478-8b9131a85b5b/window/rect[39m
[35m[HTTP][39m [90m{}[39m
[35m[HTTP][39m [37m<-- GET /wd/hub/session/074b9fef-6755-4f41-9478-8b9131a85b5b/window/rect [39m[32m200[39m [90m7 ms - 50[39m
[35m[HTTP][39m [90m[39m
[35m[HTTP][39m [37m-->[39m [37mPOST[39m [37m/wd/hub/session/074b9fef-6755-4f41-9478-8b9131a85b5b/elements[39m
[35m[HTTP][39m [90m{"using":"xpath","value":"//*[@class = 'android.widget.EditText' and (@text = 'Testing 1' or . = 'Testing 1') and @resource-id = 'com.socialnmobile.dictapps.notepad.color.note:id/edit']"}[39m
[35m[HTTP][39m [37m<-- POST /wd/hub/session/074b9fef-6755-4f41-9478-8b9131a85b5b/elements [39m[32m200[39m [90m73 ms - 139[39m
[35m[HTTP][39m [90m[39m
[35m[HTTP][39m [37m-->[39m [37mGET[39m [37m/wd/hub/session/074b9fef-6755-4f41-9478-8b9131a85b5b/element/00000000-0000-0d97-ffff-ffff00000556/location[39m
[35m[HTTP][39m [90m{}[39m
[35m[W3C (074b9fef)][39m Driver proxy active, passing request on via HTTP proxy
[35m[WD Proxy][39m Replacing sessionId a2191084-4a69-48cc-9ecc-f5aced7239f4 with 074b9fef-6755-4f41-9478-8b9131a85b5b
[35m[HTTP][39m [37m<-- GET /wd/hub/session/074b9fef-6755-4f41-9478-8b9131a85b5b/element/00000000-0000-0d97-ffff-ffff00000556/location [39m[32m200[39m [90m22 ms - 78[39m
[35m[HTTP][39m [90m[39m
[35m[HTTP][39m [37m-->[39m [37mPOST[39m [37m/wd/hub/session/074b9fef-6755-4f41-9478-8b9131a85b5b/element/00000000-0000-0d97-ffff-ffff00000556/clear[39m
[35m[HTTP][39m [90m{"id":"00000000-0000-0d97-ffff-ffff00000556"}[39m
[35m[HTTP][39m [37m<-- POST /wd/hub/session/074b9fef-6755-4f41-9478-8b9131a85b5b/element/00000000-0000-0d97-ffff-ffff00000556/clear [39m[32m200[39m [90m32 ms - 14[39m
[35m[HTTP][39m [90m[39m
[35m[HTTP][39m [37m-->[39m [37mGET[39m [37m/wd/hub/session/074b9fef-6755-4f41-9478-8b9131a85b5b/source[39m
[35m[HTTP][39m [90m{}[39m
[35m[W3C (074b9fef)][39m Driver proxy active, passing request on via HTTP proxy
[35m[WD Proxy][39m Replacing sessionId a2191084-4a69-48cc-9ecc-f5aced7239f4 with 074b9fef-6755-4f41-9478-8b9131a85b5b
[35m[HTTP][39m [37m<-- GET /wd/hub/session/074b9fef-6755-4f41-9478-8b9131a85b5b/source [39m[32m200[39m [90m480 ms - 8590[39m
[35m[HTTP][39m [90m[39m
[35m[HTTP][39m [37m-->[39m [37mGET[39m [37m/wd/hub/session/074b9fef-6755-4f41-9478-8b9131a85b5b/screenshot[39m
[35m[HTTP][39m [90m{}[39m
[35m[HTTP][39m [37m<-- GET /wd/hub/session/074b9fef-6755-4f41-9478-8b9131a85b5b/screenshot [39m[32m200[39m [90m335 ms - 213910[39m
[35m[HTTP][39m [90m[39m
[35m[HTTP][39m [37m-->[39m [37mPOST[39m [37m/wd/hub/session/074b9fef-6755-4f41-9478-8b9131a85b5b/elements[39m
[35m[HTTP][39m [90m{"using":"xpath","value":"//*[@class = 'android.widget.EditText' and @resource-id = 'com.socialnmobile.dictapps.notepad.color.note:id/edit' and (@text = '' or . = '')]"}[39m
[35m[HTTP][39m [37m<-- POST /wd/hub/session/074b9fef-6755-4f41-9478-8b9131a85b5b/elements [39m[32m200[39m [90m82 ms - 139[39m
[35m[HTTP][39m [90m[39m
[35m[HTTP][39m [37m-->[39m [37mGET[39m [37m/wd/hub/session/074b9fef-6755-4f41-9478-8b9131a85b5b/window/rect[39m
[35m[HTTP][39m [90m{}[39m
[35m[HTTP][39m [37m<-- GET /wd/hub/session/074b9fef-6755-4f41-9478-8b9131a85b5b/window/rect [39m[32m200[39m [90m19 ms - 50[39m
[35m[HTTP][39m [90m[39m
[35m[HTTP][39m [37m-->[39m [37mPOST[39m [37m/wd/hub/session/074b9fef-6755-4f41-9478-8b9131a85b5b/elements[39m
[35m[HTTP][39m [90m{"using":"xpath","value":"//*[@class = 'android.widget.EditText' and @resource-id = 'com.socialnmobile.dictapps.notepad.color.note:id/edit' and (@text = '' or . = '')]"}[39m
[35m[HTTP][39m [37m<-- POST /wd/hub/session/074b9fef-6755-4f41-9478-8b9131a85b5b/elements [39m[32m200[39m [90m71 ms - 139[39m
[35m[HTTP][39m [90m[39m
[35m[HTTP][39m [37m-->[39m [37mGET[39m [37m/wd/hub/session/074b9fef-6755-4f41-9478-8b9131a85b5b/element/00000000-0000-0d97-ffff-ffff00000556/location[39m
[35m[HTTP][39m [90m{}[39m
[35m[W3C (074b9fef)][39m Driver proxy active, passing request on via HTTP proxy
[35m[WD Proxy][39m Replacing sessionId a2191084-4a69-48cc-9ecc-f5aced7239f4 with 074b9fef-6755-4f41-9478-8b9131a85b5b
[35m[HTTP][39m [37m<-- GET /wd/hub/session/074b9fef-6755-4f41-9478-8b9131a85b5b/element/00000000-0000-0d97-ffff-ffff00000556/location [39m[32m200[39m [90m21 ms - 78[39m
[35m[HTTP][39m [90m[39m
[35m[HTTP][39m [37m-->[39m [37mPOST[39m [37m/wd/hub/session/074b9fef-6755-4f41-9478-8b9131a85b5b/element/00000000-0000-0d97-ffff-ffff00000556/clear[39m
[35m[HTTP][39m [90m{"id":"00000000-0000-0d97-ffff-ffff00000556"}[39m
[35m[HTTP][39m [37m<-- POST /wd/hub/session/074b9fef-6755-4f41-9478-8b9131a85b5b/element/00000000-0000-0d97-ffff-ffff00000556/clear [39m[32m200[39m [90m38 ms - 14[39m
[35m[HTTP][39m [90m[39m
[35m[HTTP][39m [37m-->[39m [37mPOST[39m [37m/wd/hub/session/074b9fef-6755-4f41-9478-8b9131a85b5b/element/00000000-0000-0d97-ffff-ffff00000556/value[39m
[35m[HTTP][39m [90m{"id":"00000000-0000-0d97-ffff-ffff00000556","text":"Edit Checklist Testing","value":["E","d","i","t"," ","C","h","e","c","k","l","i","s","t"," ","T","e","s","t","i","n","g"]}[39m
[35m[HTTP][39m [37m<-- POST /wd/hub/session/074b9fef-6755-4f41-9478-8b9131a85b5b/element/00000000-0000-0d97-ffff-ffff00000556/value [39m[32m200[39m [90m624 ms - 14[39m
[35m[HTTP][39m [90m[39m
[35m[HTTP][39m [37m-->[39m [37mGET[39m [37m/wd/hub/session/074b9fef-6755-4f41-9478-8b9131a85b5b/source[39m
[35m[HTTP][39m [90m{}[39m
[35m[W3C (074b9fef)][39m Driver proxy active, passing request on via HTTP proxy
[35m[WD Proxy][39m Replacing sessionId a2191084-4a69-48cc-9ecc-f5aced7239f4 with 074b9fef-6755-4f41-9478-8b9131a85b5b
[35m[HTTP][39m [37m<-- GET /wd/hub/session/074b9fef-6755-4f41-9478-8b9131a85b5b/source [39m[32m200[39m [90m330 ms - 8612[39m
[35m[HTTP][39m [90m[39m
[35m[HTTP][39m [37m-->[39m [37mGET[39m [37m/wd/hub/session/074b9fef-6755-4f41-9478-8b9131a85b5b/screenshot[39m
[35m[HTTP][39m [90m{}[39m
[35m[HTTP][39m [37m<-- GET /wd/hub/session/074b9fef-6755-4f41-9478-8b9131a85b5b/screenshot [39m[32m200[39m [90m342 ms - 220700[39m
[35m[HTTP][39m [90m[39m
[35m[HTTP][39m [37m-->[39m [37mGET[39m [37m/wd/hub/session/074b9fef-6755-4f41-9478-8b9131a85b5b/context[39m
[35m[HTTP][39m [90m{}[39m
[35m[HTTP][39m [37m<-- GET /wd/hub/session/074b9fef-6755-4f41-9478-8b9131a85b5b/context [39m[32m200[39m [90m1 ms - 22[39m
[35m[HTTP][39m [90m[39m
[35m[HTTP][39m [37m-->[39m [37mGET[39m [37m/wd/hub/session/074b9fef-6755-4f41-9478-8b9131a85b5b/contexts[39m
[35m[HTTP][39m [90m{}[39m
[35m[HTTP][39m [37m<-- GET /wd/hub/session/074b9fef-6755-4f41-9478-8b9131a85b5b/contexts [39m[32m200[39m [90m79 ms - 24[39m
[35m[HTTP][39m [90m[39m
[35m[HTTP][39m [37m-->[39m [37mPOST[39m [37m/wd/hub/session/074b9fef-6755-4f41-9478-8b9131a85b5b/context[39m
[35m[HTTP][39m [90m{"name":"NATIVE_APP"}[39m
[35m[HTTP][39m [37m<-- POST /wd/hub/session/074b9fef-6755-4f41-9478-8b9131a85b5b/context [39m[32m200[39m [90m1 ms - 14[39m
[35m[HTTP][39m [90m[39m
[35m[HTTP][39m [37m-->[39m [37mPOST[39m [37m/wd/hub/session/074b9fef-6755-4f41-9478-8b9131a85b5b/appium/device/hide_keyboard[39m
[35m[HTTP][39m [90m{}[39m
[35m[HTTP][39m [37m<-- POST /wd/hub/session/074b9fef-6755-4f41-9478-8b9131a85b5b/appium/device/hide_keyboard [39m[32m200[39m [90m910 ms - 14[39m
[35m[HTTP][39m [90m[39m
[35m[HTTP][39m [37m-->[39m [37mPOST[39m [37m/wd/hub/session/074b9fef-6755-4f41-9478-8b9131a85b5b/context[39m
[35m[HTTP][39m [90m{"name":"NATIVE_APP"}[39m
[35m[HTTP][39m [37m<-- POST /wd/hub/session/074b9fef-6755-4f41-9478-8b9131a85b5b/context [39m[32m200[39m [90m5 ms - 14[39m
[35m[HTTP][39m [90m[39m
[35m[HTTP][39m [37m-->[39m [37mGET[39m [37m/wd/hub/session/074b9fef-6755-4f41-9478-8b9131a85b5b/source[39m
[35m[HTTP][39m [90m{}[39m
[35m[W3C (074b9fef)][39m Driver proxy active, passing request on via HTTP proxy
[35m[WD Proxy][39m Replacing sessionId a2191084-4a69-48cc-9ecc-f5aced7239f4 with 074b9fef-6755-4f41-9478-8b9131a85b5b
[35m[HTTP][39m [37m<-- GET /wd/hub/session/074b9fef-6755-4f41-9478-8b9131a85b5b/source [39m[32m200[39m [90m52 ms - 8635[39m
[35m[HTTP][39m [90m[39m
[35m[HTTP][39m [37m-->[39m [37mGET[39m [37m/wd/hub/session/074b9fef-6755-4f41-9478-8b9131a85b5b/screenshot[39m
[35m[HTTP][39m [90m{}[39m
[35m[HTTP][39m [37m<-- GET /wd/hub/session/074b9fef-6755-4f41-9478-8b9131a85b5b/screenshot [39m[32m200[39m [90m301 ms - 130002[39m
[35m[HTTP][39m [90m[39m
[35m[HTTP][39m [37m-->[39m [37mPOST[39m [37m/wd/hub/session/074b9fef-6755-4f41-9478-8b9131a85b5b/elements[39m
[35m[HTTP][39m [90m{"using":"xpath","value":"//*[@class = 'android.widget.Button' and (@text = 'OK' or . = 'OK') and @resource-id = 'android:id/button1']"}[39m
[35m[HTTP][39m [37m<-- POST /wd/hub/session/074b9fef-6755-4f41-9478-8b9131a85b5b/elements [39m[32m200[39m [90m68 ms - 139[39m
[35m[HTTP][39m [90m[39m
[35m[HTTP][39m [37m-->[39m [37mGET[39m [37m/wd/hub/session/074b9fef-6755-4f41-9478-8b9131a85b5b/window/rect[39m
[35m[HTTP][39m [90m{}[39m
[35m[HTTP][39m [37m<-- GET /wd/hub/session/074b9fef-6755-4f41-9478-8b9131a85b5b/window/rect [39m[32m200[39m [90m8 ms - 50[39m
[35m[HTTP][39m [90m[39m
[35m[HTTP][39m [37m-->[39m [37mPOST[39m [37m/wd/hub/session/074b9fef-6755-4f41-9478-8b9131a85b5b/elements[39m
[35m[HTTP][39m [90m{"using":"xpath","value":"//*[@class = 'android.widget.Button' and (@text = 'OK' or . = 'OK') and @resource-id = 'android:id/button1']"}[39m
[35m[HTTP][39m [37m<-- POST /wd/hub/session/074b9fef-6755-4f41-9478-8b9131a85b5b/elements [39m[32m200[39m [90m77 ms - 139[39m
[35m[HTTP][39m [90m[39m
[35m[HTTP][39m [37m-->[39m [37mGET[39m [37m/wd/hub/session/074b9fef-6755-4f41-9478-8b9131a85b5b/element/00000000-0000-0d97-ffff-ffff00000572/location[39m
[35m[HTTP][39m [90m{}[39m
[35m[W3C (074b9fef)][39m Driver proxy active, passing request on via HTTP proxy
[35m[WD Proxy][39m Replacing sessionId a2191084-4a69-48cc-9ecc-f5aced7239f4 with 074b9fef-6755-4f41-9478-8b9131a85b5b
[35m[HTTP][39m [37m<-- GET /wd/hub/session/074b9fef-6755-4f41-9478-8b9131a85b5b/element/00000000-0000-0d97-ffff-ffff00000572/location [39m[32m200[39m [90m22 ms - 79[39m
[35m[HTTP][39m [90m[39m
[35m[HTTP][39m [37m-->[39m [37mPOST[39m [37m/wd/hub/session/074b9fef-6755-4f41-9478-8b9131a85b5b/element/00000000-0000-0d97-ffff-ffff00000572/click[39m
[35m[HTTP][39m [90m{"id":"00000000-0000-0d97-ffff-ffff00000572"}[39m
[35m[HTTP][39m [37m<-- POST /wd/hub/session/074b9fef-6755-4f41-9478-8b9131a85b5b/element/00000000-0000-0d97-ffff-ffff00000572/click [39m[32m200[39m [90m47 ms - 14[39m
[35m[HTTP][39m [90m[39m
[35m[HTTP][39m [37m-->[39m [37mGET[39m [37m/wd/hub/session/074b9fef-6755-4f41-9478-8b9131a85b5b/source[39m
[35m[HTTP][39m [90m{}[39m
[35m[W3C (074b9fef)][39m Driver proxy active, passing request on via HTTP proxy
[35m[WD Proxy][39m Replacing sessionId a2191084-4a69-48cc-9ecc-f5aced7239f4 with 074b9fef-6755-4f41-9478-8b9131a85b5b
[35m[HTTP][39m [37m<-- GET /wd/hub/session/074b9fef-6755-4f41-9478-8b9131a85b5b/source [39m[32m200[39m [90m175 ms - 21210[39m
[35m[HTTP][39m [90m[39m
[35m[HTTP][39m [37m-->[39m [37mGET[39m [37m/wd/hub/session/074b9fef-6755-4f41-9478-8b9131a85b5b/screenshot[39m
[35m[HTTP][39m [90m{}[39m
[35m[HTTP][39m [37m<-- GET /wd/hub/session/074b9fef-6755-4f41-9478-8b9131a85b5b/screenshot [39m[32m200[39m [90m293 ms - 112608[39m
[35m[HTTP][39m [90m[39m
[35m[HTTP][39m [37m-->[39m [37mPOST[39m [37m/wd/hub/session/074b9fef-6755-4f41-9478-8b9131a85b5b/elements[39m
[35m[HTTP][39m [90m{"using":"xpath","value":"//*[@class = 'android.widget.TextView' and (@text = 'Edit Checklist Testing' or . = 'Edit Checklist Testing') and @resource-id = 'com.socialnmobile.dictapps.notepad.color.note:id/text']"}[39m
[35m[HTTP][39m [37m<-- POST /wd/hub/session/074b9fef-6755-4f41-9478-8b9131a85b5b/elements [39m[32m200[39m [90m116 ms - 139[39m
[35m[HTTP][39m [90m[39m
[35m[HTTP][39m [37m-->[39m [37mPOST[39m [37m/wd/hub/session/074b9fef-6755-4f41-9478-8b9131a85b5b/elements[39m
[35m[HTTP][39m [90m{"using":"xpath","value":"//*[@class = 'android.widget.TextView' and (@text = 'Edit Checklist Testing' or . = 'Edit Checklist Testing') and @resource-id = 'com.socialnmobile.dictapps.notepad.color.note:id/text']"}[39m
[35m[HTTP][39m [37m<-- POST /wd/hub/session/074b9fef-6755-4f41-9478-8b9131a85b5b/elements [39m[32m200[39m [90m107 ms - 139[39m
[35m[HTTP][39m [90m[39m
[35m[HTTP][39m [37m-->[39m [37mGET[39m [37m/wd/hub/session/074b9fef-6755-4f41-9478-8b9131a85b5b/source[39m
[35m[HTTP][39m [90m{}[39m
[35m[W3C (074b9fef)][39m Driver proxy active, passing request on via HTTP proxy
[35m[WD Proxy][39m Replacing sessionId a2191084-4a69-48cc-9ecc-f5aced7239f4 with 074b9fef-6755-4f41-9478-8b9131a85b5b
[35m[HTTP][39m [37m<-- GET /wd/hub/session/074b9fef-6755-4f41-9478-8b9131a85b5b/source [39m[32m200[39m [90m77 ms - 21210[39m
[35m[HTTP][39m [90m[39m
[35m[HTTP][39m [37m-->[39m [37mGET[39m [37m/wd/hub/session/074b9fef-6755-4f41-9478-8b9131a85b5b/screenshot[39m
[35m[HTTP][39m [90m{}[39m
[35m[HTTP][39m [37m<-- GET /wd/hub/session/074b9fef-6755-4f41-9478-8b9131a85b5b/screenshot [39m[32m200[39m [90m301 ms - 112190[39m
[35m[HTTP][39m [90m[39m
[35m[HTTP][39m [37m-->[39m [37mPOST[39m [37m/wd/hub/session/074b9fef-6755-4f41-9478-8b9131a85b5b/elements[39m
[35m[HTTP][39m [90m{"using":"xpath","value":"//*[@class = 'android.widget.TextView' and (@text = 'Edit Checklist Testing' or . = 'Edit Checklist Testing') and @resource-id = 'com.socialnmobile.dictapps.notepad.color.note:id/text']"}[39m
[35m[HTTP][39m [37m<-- POST /wd/hub/session/074b9fef-6755-4f41-9478-8b9131a85b5b/elements [39m[32m200[39m [90m449 ms - 139[39m
[35m[HTTP][39m [90m[39m
[35m[HTTP][39m [37m-->[39m [37mPOST[39m [37m/wd/hub/session/074b9fef-6755-4f41-9478-8b9131a85b5b/elements[39m
[35m[HTTP][39m [90m{"using":"xpath","value":"//*[@class = 'android.widget.TextView' and (@text = 'Edit Checklist Testing' or . = 'Edit Checklist Testing') and @resource-id = 'com.socialnmobile.dictapps.notepad.color.note:id/text']"}[39m
[35m[HTTP][39m [37m<-- POST /wd/hub/session/074b9fef-6755-4f41-9478-8b9131a85b5b/elements [39m[32m200[39m [90m104 ms - 139[39m
[35m[HTTP][39m [90m[39m
[35m[HTTP][39m [37m-->[39m [37mPOST[39m [37m/wd/hub/session/074b9fef-6755-4f41-9478-8b9131a85b5b/elements[39m
[35m[HTTP][39m [90m{"using":"xpath","value":"//*[@class = 'android.widget.TextView' and (@text = 'Edit Checklist Testing' or . = 'Edit Checklist Testing') and @resource-id = 'com.socialnmobile.dictapps.notepad.color.note:id/text']"}[39m
[35m[HTTP][39m [37m<-- POST /wd/hub/session/074b9fef-6755-4f41-9478-8b9131a85b5b/elements [39m[32m200[39m [90m112 ms - 139[39m
[35m[HTTP][39m [90m[39m
[35m[HTTP][39m [37m-->[39m [37mPOST[39m [37m/wd/hub/session/074b9fef-6755-4f41-9478-8b9131a85b5b/elements[39m
[35m[HTTP][39m [90m{"using":"xpath","value":"//*[@class = 'android.widget.TextView' and (@text = 'Edit Checklist Testing' or . = 'Edit Checklist Testing') and @resource-id = 'com.socialnmobile.dictapps.notepad.color.note:id/text']"}[39m
[35m[HTTP][39m [37m<-- POST /wd/hub/session/074b9fef-6755-4f41-9478-8b9131a85b5b/elements [39m[32m200[39m [90m98 ms - 139[39m
[35m[HTTP][39m [90m[39m
[35m[HTTP][39m [37m-->[39m [37mGET[39m [37m/wd/hub/session/074b9fef-6755-4f41-9478-8b9131a85b5b/source[39m
[35m[HTTP][39m [90m{}[39m
[35m[W3C (074b9fef)][39m Driver proxy active, passing request on via HTTP proxy
[35m[WD Proxy][39m Replacing sessionId a2191084-4a69-48cc-9ecc-f5aced7239f4 with 074b9fef-6755-4f41-9478-8b9131a85b5b
[35m[HTTP][39m [37m<-- GET /wd/hub/session/074b9fef-6755-4f41-9478-8b9131a85b5b/source [39m[32m200[39m [90m78 ms - 21210[39m
[35m[HTTP][39m [90m[39m
[35m[HTTP][39m [37m-->[39m [37mGET[39m [37m/wd/hub/session/074b9fef-6755-4f41-9478-8b9131a85b5b/screenshot[39m
[35m[HTTP][39m [90m{}[39m
[35m[HTTP][39m [37m<-- GET /wd/hub/session/074b9fef-6755-4f41-9478-8b9131a85b5b/screenshot [39m[32m200[39m [90m278 ms - 111406[39m
[35m[HTTP][39m [90m[39m
[35m[HTTP][39m [37m-->[39m [37mGET[39m [37m/wd/hub/session/074b9fef-6755-4f41-9478-8b9131a85b5b/context[39m
[35m[HTTP][39m [90m{}[39m
[35m[HTTP][39m [37m<-- GET /wd/hub/session/074b9fef-6755-4f41-9478-8b9131a85b5b/context [39m[32m200[39m [90m1 ms - 22[39m
[35m[HTTP][39m [90m[39m
[35m[HTTP][39m [37m-->[39m [37mGET[39m [37m/wd/hub/session/074b9fef-6755-4f41-9478-8b9131a85b5b/contexts[39m
[35m[HTTP][39m [90m{}[39m
[35m[HTTP][39m [37m<-- GET /wd/hub/session/074b9fef-6755-4f41-9478-8b9131a85b5b/contexts [39m[32m200[39m [90m78 ms - 24[39m
[35m[HTTP][39m [90m[39m
[35m[HTTP][39m [37m-->[39m [37mPOST[39m [37m/wd/hub/session/074b9fef-6755-4f41-9478-8b9131a85b5b/context[39m
[35m[HTTP][39m [90m{"name":"NATIVE_APP"}[39m
[35m[HTTP][39m [37m<-- POST /wd/hub/session/074b9fef-6755-4f41-9478-8b9131a85b5b/context [39m[32m200[39m [90m1 ms - 14[39m
[35m[HTTP][39m [90m[39m
[35m[HTTP][39m [37m-->[39m [37mPOST[39m [37m/wd/hub/session/074b9fef-6755-4f41-9478-8b9131a85b5b/appium/device/press_keycode[39m
[35m[HTTP][39m [90m{"keycode":4}[39m
[35m[HTTP][39m [37m<-- POST /wd/hub/session/074b9fef-6755-4f41-9478-8b9131a85b5b/appium/device/press_keycode [39m[32m200[39m [90m83 ms - 14[39m
[35m[HTTP][39m [90m[39m
[35m[HTTP][39m [37m-->[39m [37mPOST[39m [37m/wd/hub/session/074b9fef-6755-4f41-9478-8b9131a85b5b/context[39m
[35m[HTTP][39m [90m{"name":"NATIVE_APP"}[39m
[35m[HTTP][39m [37m<-- POST /wd/hub/session/074b9fef-6755-4f41-9478-8b9131a85b5b/context [39m[32m200[39m [90m1 ms - 14[39m
[35m[HTTP][39m [90m[39m
[35m[HTTP][39m [37m-->[39m [37mGET[39m [37m/wd/hub/session/074b9fef-6755-4f41-9478-8b9131a85b5b/source[39m
[35m[HTTP][39m [90m{}[39m
[35m[W3C (074b9fef)][39m Driver proxy active, passing request on via HTTP proxy
[35m[WD Proxy][39m Replacing sessionId a2191084-4a69-48cc-9ecc-f5aced7239f4 with 074b9fef-6755-4f41-9478-8b9131a85b5b
[35m[HTTP][39m [37m<-- GET /wd/hub/session/074b9fef-6755-4f41-9478-8b9131a85b5b/source [39m[32m200[39m [90m431 ms - 14501[39m
[35m[HTTP][39m [90m[39m
[35m[HTTP][39m [37m-->[39m [37mGET[39m [37m/wd/hub/session/074b9fef-6755-4f41-9478-8b9131a85b5b/screenshot[39m
[35m[HTTP][39m [90m{}[39m
[35m[HTTP][39m [37m<-- GET /wd/hub/session/074b9fef-6755-4f41-9478-8b9131a85b5b/screenshot [39m[32m200[39m [90m303 ms - 109948[39m
[35m[HTTP][39m [90m[39m
[35m[HTTP][39m [37m-->[39m [37mPOST[39m [37m/wd/hub/session/074b9fef-6755-4f41-9478-8b9131a85b5b/elements[39m
[35m[HTTP][39m [90m{"using":"xpath","value":"//*[@class = 'android.widget.TextView' and (@text = 'Edit Checklist Testing' or . = 'Edit Checklist Testing') and @resource-id = 'com.socialnmobile.dictapps.notepad.color.note:id/text']"}[39m
[35m[HTTP][39m [37m<-- POST /wd/hub/session/074b9fef-6755-4f41-9478-8b9131a85b5b/elements [39m[32m200[39m [90m102 ms - 139[39m
[35m[HTTP][39m [90m[39m
[35m[HTTP][39m [37m-->[39m [37mPOST[39m [37m/wd/hub/session/074b9fef-6755-4f41-9478-8b9131a85b5b/elements[39m
[35m[HTTP][39m [90m{"using":"xpath","value":"//*[@class = 'android.widget.TextView' and (@text = 'Edit Checklist Testing' or . = 'Edit Checklist Testing') and @resource-id = 'com.socialnmobile.dictapps.notepad.color.note:id/text']"}[39m
[35m[HTTP][39m [37m<-- POST /wd/hub/session/074b9fef-6755-4f41-9478-8b9131a85b5b/elements [39m[32m200[39m [90m83 ms - 139[39m
[35m[HTTP][39m [90m[39m
[35m[HTTP][39m [37m-->[39m [37mGET[39m [37m/wd/hub/session/074b9fef-6755-4f41-9478-8b9131a85b5b/source[39m
[35m[HTTP][39m [90m{}[39m
[35m[W3C (074b9fef)][39m Driver proxy active, passing request on via HTTP proxy
[35m[WD Proxy][39m Replacing sessionId a2191084-4a69-48cc-9ecc-f5aced7239f4 with 074b9fef-6755-4f41-9478-8b9131a85b5b
[35m[HTTP][39m [37m<-- GET /wd/hub/session/074b9fef-6755-4f41-9478-8b9131a85b5b/source [39m[32m200[39m [90m61 ms - 14361[39m
[35m[HTTP][39m [90m[39m
[35m[HTTP][39m [37m-->[39m [37mGET[39m [37m/wd/hub/session/074b9fef-6755-4f41-9478-8b9131a85b5b/screenshot[39m
[35m[HTTP][39m [90m{}[39m
[35m[HTTP][39m [37m<-- GET /wd/hub/session/074b9fef-6755-4f41-9478-8b9131a85b5b/screenshot [39m[32m200[39m [90m300 ms - 90966[39m
[35m[HTTP][39m [90m[39m
[35m[HTTP][39m [37m-->[39m [37mGET[39m [37m/wd/hub/session/074b9fef-6755-4f41-9478-8b9131a85b5b/context[39m
[35m[HTTP][39m [90m{}[39m
[35m[HTTP][39m [37m<-- GET /wd/hub/session/074b9fef-6755-4f41-9478-8b9131a85b5b/context [39m[32m200[39m [90m1 ms - 22[39m
[35m[HTTP][39m [90m[39m
[35m[HTTP][39m [37m-->[39m [37mGET[39m [37m/wd/hub/session/074b9fef-6755-4f41-9478-8b9131a85b5b/contexts[39m
[35m[HTTP][39m [90m{}[39m
[35m[HTTP][39m [37m<-- GET /wd/hub/session/074b9fef-6755-4f41-9478-8b9131a85b5b/contexts [39m[32m200[39m [90m72 ms - 24[39m
[35m[HTTP][39m [90m[39m
[35m[HTTP][39m [37m-->[39m [37mPOST[39m [37m/wd/hub/session/074b9fef-6755-4f41-9478-8b9131a85b5b/context[39m
[35m[HTTP][39m [90m{"name":"NATIVE_APP"}[39m
[35m[HTTP][39m [37m<-- POST /wd/hub/session/074b9fef-6755-4f41-9478-8b9131a85b5b/context [39m[32m200[39m [90m1 ms - 14[39m
[35m[HTTP][39m [90m[39m
[35m[HTTP][39m [37m-->[39m [37mPOST[39m [37m/wd/hub/session/074b9fef-6755-4f41-9478-8b9131a85b5b/appium/device/press_keycode[39m
[35m[HTTP][39m [90m{"keycode":4}[39m
[35m[HTTP][39m [37m<-- POST /wd/hub/session/074b9fef-6755-4f41-9478-8b9131a85b5b/appium/device/press_keycode [39m[32m200[39m [90m634 ms - 14[39m
[35m[HTTP][39m [90m[39m
[35m[HTTP][39m [37m-->[39m [37mPOST[39m [37m/wd/hub/session/074b9fef-6755-4f41-9478-8b9131a85b5b/context[39m
[35m[HTTP][39m [90m{"name":"NATIVE_APP"}[39m
[35m[HTTP][39m [37m<-- POST /wd/hub/session/074b9fef-6755-4f41-9478-8b9131a85b5b/context [39m[32m200[39m [90m1 ms - 14[39m
[35m[HTTP][39m [90m[39m
[35m[HTTP][39m [37m-->[39m [37mGET[39m [37m/wd/hub/session/074b9fef-6755-4f41-9478-8b9131a85b5b/source[39m
[35m[HTTP][39m [90m{}[39m
[35m[W3C (074b9fef)][39m Driver proxy active, passing request on via HTTP proxy
[35m[WD Proxy][39m Replacing sessionId a2191084-4a69-48cc-9ecc-f5aced7239f4 with 074b9fef-6755-4f41-9478-8b9131a85b5b
[35m[HTTP][39m [37m<-- GET /wd/hub/session/074b9fef-6755-4f41-9478-8b9131a85b5b/source [39m[32m200[39m [90m174 ms - 49700[39m
[35m[HTTP][39m [90m[39m
[35m[HTTP][39m [37m-->[39m [37mGET[39m [37m/wd/hub/session/074b9fef-6755-4f41-9478-8b9131a85b5b/screenshot[39m
[35m[HTTP][39m [90m{}[39m
[35m[HTTP][39m [37m<-- GET /wd/hub/session/074b9fef-6755-4f41-9478-8b9131a85b5b/screenshot [39m[32m200[39m [90m330 ms - 293292[39m
[35m[HTTP][39m [90m[39m
[35m[HTTP][39m [37m-->[39m [37mDELETE[39m [37m/wd/hub/session/074b9fef-6755-4f41-9478-8b9131a85b5b[39m
[35m[HTTP][39m [90m{}[39m
[35m[Appium][39m Removing session 074b9fef-6755-4f41-9478-8b9131a85b5b from our master session list
[35m[UiAutomator2][39m Restoring hidden api policy to the device default configuration
[35m[HTTP][39m [37m<-- DELETE /wd/hub/session/074b9fef-6755-4f41-9478-8b9131a85b5b [39m[32m200[39m [90m341 ms - 14[39m
[35m[HTTP][39m [90m[39m
